<?xml version="1.0" encoding="UTF-8"?>
<!-- Generated by org.testng.reporters.JUnitReportReporter -->
<testsuite hostname="Vipuls-MacBook-Air.local" failures="0" tests="2" name="Basics.R_09_Serealization_Deserialization_Concept" time="0.236" errors="0" timestamp="2023-05-30T18:51:38 IST" skipped="0">
  <testcase classname="Basics.R_09_Serealization_Deserialization_Concept" name="serealization" time="0.215"/>
  <system-out/>
  <testcase classname="Basics.R_09_Serealization_Deserialization_Concept" name="deserialization" time="0.021"/>
  <system-out/>
</testsuite> <!-- Basics.R_09_Serealization_Deserialization_Concept -->
